<?xml version="1.0" encoding="UTF-8"?>
<!-- Generated by org.testng.reporters.JUnitXMLReporter -->
<testsuite ignored="0" hostname="UvarajaugamsMBP.lan" failures="1" tests="2" name="TestA" time="34.204" errors="0" timestamp="2024-01-11T17:51:46 EST">
  <testcase classname="testCases.RecipesTest" name="getUrl" time="3.272"/>
  <testcase classname="testCases.RecipesTest" name="Pagination" time="28.992">
    <failure type="org.openqa.selenium.TimeoutException" message="Navigation timed out after 20000 ms
Build info: version: &amp;apos;4.16.1&amp;apos;, revision: &amp;apos;9b4c83354e&amp;apos;
System info: os.name: &amp;apos;Mac OS X&amp;apos;, os.arch: &amp;apos;x86_64&amp;apos;, os.version: &amp;apos;12.0.1&amp;apos;, java.version: &amp;apos;19.0.1&amp;apos;
Driver info: org.openqa.selenium.firefox.FirefoxDriver
Command: [731afa38-bf37-484b-88cb-83619a02c81c, clickElement {id=d0b22ee8-30cf-4806-a26f-4b002e7f7283}]
Capabilities {acceptInsecureCerts: true, browserName: firefox, browserVersion: 121.0.1, moz:accessibilityChecks: false, moz:buildID: 20240108143603, moz:debuggerAddress: 127.0.0.1:11309, moz:geckodriverVersion: 0.34.0, moz:headless: true, moz:platformVersion: 21.1.0, moz:processID: 3457, moz:profile: /var/folders/9x/bfy4ys6j4vn..., moz:shutdownTimeout: 60000, moz:webdriverClick: true, moz:windowless: false, pageLoadStrategy: normal, platformName: mac, proxy: Proxy(), se:cdp: ws://127.0.0.1:11309/devtoo..., se:cdpVersion: 85.0, setWindowRect: true, strictFileInteractability: false, timeouts: {implicit: 0, pageLoad: 300000, script: 30000}, unhandledPromptBehavior: dismiss and notify}
Element: [[FirefoxDriver: firefox on mac (731afa38-bf37-484b-88cb-83619a02c81c)] -&amp;gt; xpath: //div[@id=&amp;apos;maincontent&amp;apos;]/div[1]/div[2]/a[text()=1]]
Session ID: 731afa38-bf37-484b-88cb-83619a02c81c">
      <![CDATA[org.openqa.selenium.TimeoutException: Navigation timed out after 20000 ms
Build info: version: '4.16.1', revision: '9b4c83354e'
System info: os.name: 'Mac OS X', os.arch: 'x86_64', os.version: '12.0.1', java.version: '19.0.1'
Driver info: org.openqa.selenium.firefox.FirefoxDriver
Command: [731afa38-bf37-484b-88cb-83619a02c81c, clickElement {id=d0b22ee8-30cf-4806-a26f-4b002e7f7283}]
Capabilities {acceptInsecureCerts: true, browserName: firefox, browserVersion: 121.0.1, moz:accessibilityChecks: false, moz:buildID: 20240108143603, moz:debuggerAddress: 127.0.0.1:11309, moz:geckodriverVersion: 0.34.0, moz:headless: true, moz:platformVersion: 21.1.0, moz:processID: 3457, moz:profile: /var/folders/9x/bfy4ys6j4vn..., moz:shutdownTimeout: 60000, moz:webdriverClick: true, moz:windowless: false, pageLoadStrategy: normal, platformName: mac, proxy: Proxy(), se:cdp: ws://127.0.0.1:11309/devtoo..., se:cdpVersion: 85.0, setWindowRect: true, strictFileInteractability: false, timeouts: {implicit: 0, pageLoad: 300000, script: 30000}, unhandledPromptBehavior: dismiss and notify}
Element: [[FirefoxDriver: firefox on mac (731afa38-bf37-484b-88cb-83619a02c81c)] -> xpath: //div[@id='maincontent']/div[1]/div[2]/a[text()=1]]
Session ID: 731afa38-bf37-484b-88cb-83619a02c81c
at org.openqa.selenium.remote.codec.w3c.W3CHttpResponseCodec.createException(W3CHttpResponseCodec.java:200)
at org.openqa.selenium.remote.codec.w3c.W3CHttpResponseCodec.decode(W3CHttpResponseCodec.java:133)
at org.openqa.selenium.remote.codec.w3c.W3CHttpResponseCodec.decode(W3CHttpResponseCodec.java:52)
at org.openqa.selenium.remote.HttpCommandExecutor.execute(HttpCommandExecutor.java:191)
at org.openqa.selenium.remote.service.DriverCommandExecutor.invokeExecute(DriverCommandExecutor.java:200)
at org.openqa.selenium.remote.service.DriverCommandExecutor.execute(DriverCommandExecutor.java:175)
at org.openqa.selenium.remote.RemoteWebDriver.execute(RemoteWebDriver.java:523)
at org.openqa.selenium.remote.RemoteWebElement.execute(RemoteWebElement.java:224)
at org.openqa.selenium.remote.RemoteWebElement.click(RemoteWebElement.java:77)
at testCases.RecipesTest.Pagination(RecipesTest.java:83)
at java.base/java.util.ArrayList.forEach(ArrayList.java:1511)
... Removed 28 stack frames]]>
    </failure>
  </testcase> <!-- Pagination -->
</testsuite> <!-- TestA -->
